<?xml version="1.0" encoding="utf-8"?>
<testsuites name="CheckConfig.base" tests="1" failures="1" skipped="0" time="10800.6471587">
    <testsuite name="CheckConfig.base">
        <properties/>
        <testcase classname="CheckConfig.base.Ошибка" name="Информационная">
            <failure type="ERROR" message="база не обнаружена!"/>
        </testcase>
    </testsuite>
</testsuites>